running egg_info
writing ../../build/serial_bridge/serial_bridge.egg-info/PKG-INFO
writing dependency_links to ../../build/serial_bridge/serial_bridge.egg-info/dependency_links.txt
writing entry points to ../../build/serial_bridge/serial_bridge.egg-info/entry_points.txt
writing requirements to ../../build/serial_bridge/serial_bridge.egg-info/requires.txt
writing top-level names to ../../build/serial_bridge/serial_bridge.egg-info/top_level.txt
reading manifest file '../../build/serial_bridge/serial_bridge.egg-info/SOURCES.txt'
writing manifest file '../../build/serial_bridge/serial_bridge.egg-info/SOURCES.txt'
running build
running build_py
copying serial_bridge/crc_utils.py -> /home/cy/Study/Nav_ws/build/serial_bridge/build/lib/serial_bridge
copying serial_bridge/serial_bridge_node.py -> /home/cy/Study/Nav_ws/build/serial_bridge/build/lib/serial_bridge
running install
running install_lib
copying /home/cy/Study/Nav_ws/build/serial_bridge/build/lib/serial_bridge/crc_utils.py -> /home/cy/Study/Nav_ws/install/serial_bridge/lib/python3.10/site-packages/serial_bridge
copying /home/cy/Study/Nav_ws/build/serial_bridge/build/lib/serial_bridge/serial_bridge_node.py -> /home/cy/Study/Nav_ws/install/serial_bridge/lib/python3.10/site-packages/serial_bridge
byte-compiling /home/cy/Study/Nav_ws/install/serial_bridge/lib/python3.10/site-packages/serial_bridge/crc_utils.py to crc_utils.cpython-310.pyc
byte-compiling /home/cy/Study/Nav_ws/install/serial_bridge/lib/python3.10/site-packages/serial_bridge/serial_bridge_node.py to serial_bridge_node.cpython-310.pyc
running install_data
running install_egg_info
removing '/home/cy/Study/Nav_ws/install/serial_bridge/lib/python3.10/site-packages/serial_bridge-0.0.0-py3.10.egg-info' (and everything under it)
Copying ../../build/serial_bridge/serial_bridge.egg-info to /home/cy/Study/Nav_ws/install/serial_bridge/lib/python3.10/site-packages/serial_bridge-0.0.0-py3.10.egg-info
running install_scripts
Installing serial_bridge script to /home/cy/Study/Nav_ws/install/serial_bridge/lib/serial_bridge
writing list of installed files to '/home/cy/Study/Nav_ws/build/serial_bridge/install.log'
