running egg_info
creating ../../build/serial_bridge/serial_bridge.egg-info
writing ../../build/serial_bridge/serial_bridge.egg-info/PKG-INFO
writing dependency_links to ../../build/serial_bridge/serial_bridge.egg-info/dependency_links.txt
writing entry points to ../../build/serial_bridge/serial_bridge.egg-info/entry_points.txt
writing requirements to ../../build/serial_bridge/serial_bridge.egg-info/requires.txt
writing top-level names to ../../build/serial_bridge/serial_bridge.egg-info/top_level.txt
writing manifest file '../../build/serial_bridge/serial_bridge.egg-info/SOURCES.txt'
reading manifest file '../../build/serial_bridge/serial_bridge.egg-info/SOURCES.txt'
writing manifest file '../../build/serial_bridge/serial_bridge.egg-info/SOURCES.txt'
running build
running build_py
creating /home/cy/Study/Nav_ws/build/serial_bridge/build
creating /home/cy/Study/Nav_ws/build/serial_bridge/build/lib
creating /home/cy/Study/Nav_ws/build/serial_bridge/build/lib/serial_bridge
copying serial_bridge/__init__.py -> /home/cy/Study/Nav_ws/build/serial_bridge/build/lib/serial_bridge
copying serial_bridge/serial_bridge_node.py -> /home/cy/Study/Nav_ws/build/serial_bridge/build/lib/serial_bridge
running install
running install_lib
creating /home/cy/Study/Nav_ws/install/serial_bridge/lib/python3.10/site-packages/serial_bridge
copying /home/cy/Study/Nav_ws/build/serial_bridge/build/lib/serial_bridge/__init__.py -> /home/cy/Study/Nav_ws/install/serial_bridge/lib/python3.10/site-packages/serial_bridge
copying /home/cy/Study/Nav_ws/build/serial_bridge/build/lib/serial_bridge/serial_bridge_node.py -> /home/cy/Study/Nav_ws/install/serial_bridge/lib/python3.10/site-packages/serial_bridge
byte-compiling /home/cy/Study/Nav_ws/install/serial_bridge/lib/python3.10/site-packages/serial_bridge/__init__.py to __init__.cpython-310.pyc
byte-compiling /home/cy/Study/Nav_ws/install/serial_bridge/lib/python3.10/site-packages/serial_bridge/serial_bridge_node.py to serial_bridge_node.cpython-310.pyc
running install_data
creating /home/cy/Study/Nav_ws/install/serial_bridge/share/ament_index
creating /home/cy/Study/Nav_ws/install/serial_bridge/share/ament_index/resource_index
creating /home/cy/Study/Nav_ws/install/serial_bridge/share/ament_index/resource_index/packages
copying resource/serial_bridge -> /home/cy/Study/Nav_ws/install/serial_bridge/share/ament_index/resource_index/packages
copying package.xml -> /home/cy/Study/Nav_ws/install/serial_bridge/share/serial_bridge
running install_egg_info
Copying ../../build/serial_bridge/serial_bridge.egg-info to /home/cy/Study/Nav_ws/install/serial_bridge/lib/python3.10/site-packages/serial_bridge-0.0.0-py3.10.egg-info
running install_scripts
Installing serial_bridge script to /home/cy/Study/Nav_ws/install/serial_bridge/lib/serial_bridge
writing list of installed files to '/home/cy/Study/Nav_ws/build/serial_bridge/install.log'
