/home/cy/Study/Nav_ws/install/serial_bridge/lib/python3.10/site-packages/serial_bridge/__init__.py
/home/cy/Study/Nav_ws/install/serial_bridge/lib/python3.10/site-packages/serial_bridge/crc_utils.py
/home/cy/Study/Nav_ws/install/serial_bridge/lib/python3.10/site-packages/serial_bridge/wasdx_teleop.py
/home/cy/Study/Nav_ws/install/serial_bridge/lib/python3.10/site-packages/serial_bridge/serial_bridge_node.py
/home/cy/Study/Nav_ws/install/serial_bridge/lib/python3.10/site-packages/serial_bridge/serial_commander.py
/home/cy/Study/Nav_ws/install/serial_bridge/lib/python3.10/site-packages/serial_bridge/__pycache__/__init__.cpython-310.pyc
/home/cy/Study/Nav_ws/install/serial_bridge/lib/python3.10/site-packages/serial_bridge/__pycache__/crc_utils.cpython-310.pyc
/home/cy/Study/Nav_ws/install/serial_bridge/lib/python3.10/site-packages/serial_bridge/__pycache__/wasdx_teleop.cpython-310.pyc
/home/cy/Study/Nav_ws/install/serial_bridge/lib/python3.10/site-packages/serial_bridge/__pycache__/serial_bridge_node.cpython-310.pyc
/home/cy/Study/Nav_ws/install/serial_bridge/lib/python3.10/site-packages/serial_bridge/__pycache__/serial_commander.cpython-310.pyc
/home/cy/Study/Nav_ws/install/serial_bridge/share/ament_index/resource_index/packages/serial_bridge
/home/cy/Study/Nav_ws/install/serial_bridge/share/serial_bridge/package.xml
/home/cy/Study/Nav_ws/install/serial_bridge/share/serial_bridge/launch/serial_bridge_launch.py
/home/cy/Study/Nav_ws/install/serial_bridge/share/serial_bridge/config/serial_bridge.rviz
/home/cy/Study/Nav_ws/install/serial_bridge/lib/python3.10/site-packages/serial_bridge-0.0.0-py3.10.egg-info/requires.txt
/home/cy/Study/Nav_ws/install/serial_bridge/lib/python3.10/site-packages/serial_bridge-0.0.0-py3.10.egg-info/PKG-INFO
/home/cy/Study/Nav_ws/install/serial_bridge/lib/python3.10/site-packages/serial_bridge-0.0.0-py3.10.egg-info/entry_points.txt
/home/cy/Study/Nav_ws/install/serial_bridge/lib/python3.10/site-packages/serial_bridge-0.0.0-py3.10.egg-info/SOURCES.txt
/home/cy/Study/Nav_ws/install/serial_bridge/lib/python3.10/site-packages/serial_bridge-0.0.0-py3.10.egg-info/top_level.txt
/home/cy/Study/Nav_ws/install/serial_bridge/lib/python3.10/site-packages/serial_bridge-0.0.0-py3.10.egg-info/zip-safe
/home/cy/Study/Nav_ws/install/serial_bridge/lib/python3.10/site-packages/serial_bridge-0.0.0-py3.10.egg-info/dependency_links.txt
/home/cy/Study/Nav_ws/install/serial_bridge/lib/serial_bridge/serial_bridge
/home/cy/Study/Nav_ws/install/serial_bridge/lib/serial_bridge/serial_commander
/home/cy/Study/Nav_ws/install/serial_bridge/lib/serial_bridge/wasdx_teleop
